<?xml version="1.0" encoding="UTF-8"?>
<!-- Generated by org.testng.reporters.JUnitReportReporter -->
<testsuite hostname="DESKTOP-JKPPEN4" name="com.yet.met.moca.MyTestNGTest" tests="1" failures="0" timestamp="13 Aug 2020 11:58:50 GMT" time="14.762" errors="0">
  <testcase name="f" time="14.762" classname="com.yet.met.moca.MyTestNGTest"/>
</testsuite> <!-- com.yet.met.moca.MyTestNGTest -->
